<?xml version="1.0" encoding="UTF-8"?>
<testsuite xmlns:xsi="http://www.w3.org/2001/XMLSchema-instance" xsi:noNamespaceSchemaLocation="https://maven.apache.org/surefire/maven-surefire-plugin/xsd/surefire-test-report-3.0.xsd" version="3.0" name="com.google.Part2Test" time="0.102" tests="20" errors="0" skipped="0" failures="18">
  <properties>
    <property name="sun.desktop" value="windows"/>
    <property name="awt.toolkit" value="sun.awt.windows.WToolkit"/>
    <property name="java.specification.version" value="11"/>
    <property name="sun.cpu.isalist" value="amd64"/>
    <property name="sun.jnu.encoding" value="Cp1252"/>
    <property name="java.class.path" value="C:\Users\dswap\Desktop\WorkSample\google-code-sample\java\target\test-classes;C:\Users\dswap\Desktop\WorkSample\google-code-sample\java\target\classes;C:\Users\dswap\.m2\repository\org\apache\maven\plugins\maven-compiler-plugin\3.8.1\maven-compiler-plugin-3.8.1.jar;C:\Users\dswap\.m2\repository\org\apache\maven\maven-plugin-api\3.0\maven-plugin-api-3.0.jar;C:\Users\dswap\.m2\repository\org\apache\maven\maven-model\3.0\maven-model-3.0.jar;C:\Users\dswap\.m2\repository\org\sonatype\sisu\sisu-inject-plexus\1.4.2\sisu-inject-plexus-1.4.2.jar;C:\Users\dswap\.m2\repository\org\sonatype\sisu\sisu-inject-bean\1.4.2\sisu-inject-bean-1.4.2.jar;C:\Users\dswap\.m2\repository\org\sonatype\sisu\sisu-guice\2.1.7\sisu-guice-2.1.7-noaop.jar;C:\Users\dswap\.m2\repository\org\apache\maven\maven-artifact\3.0\maven-artifact-3.0.jar;C:\Users\dswap\.m2\repository\org\codehaus\plexus\plexus-utils\2.0.4\plexus-utils-2.0.4.jar;C:\Users\dswap\.m2\repository\org\apache\maven\maven-core\3.0\maven-core-3.0.jar;C:\Users\dswap\.m2\repository\org\apache\maven\maven-settings\3.0\maven-settings-3.0.jar;C:\Users\dswap\.m2\repository\org\apache\maven\maven-settings-builder\3.0\maven-settings-builder-3.0.jar;C:\Users\dswap\.m2\repository\org\apache\maven\maven-repository-metadata\3.0\maven-repository-metadata-3.0.jar;C:\Users\dswap\.m2\repository\org\apache\maven\maven-model-builder\3.0\maven-model-builder-3.0.jar;C:\Users\dswap\.m2\repository\org\apache\maven\maven-aether-provider\3.0\maven-aether-provider-3.0.jar;C:\Users\dswap\.m2\repository\org\sonatype\aether\aether-impl\1.7\aether-impl-1.7.jar;C:\Users\dswap\.m2\repository\org\sonatype\aether\aether-spi\1.7\aether-spi-1.7.jar;C:\Users\dswap\.m2\repository\org\sonatype\aether\aether-api\1.7\aether-api-1.7.jar;C:\Users\dswap\.m2\repository\org\sonatype\aether\aether-util\1.7\aether-util-1.7.jar;C:\Users\dswap\.m2\repository\org\codehaus\plexus\plexus-interpolation\1.14\plexus-interpolation-1.14.jar;C:\Users\dswap\.m2\repository\org\codehaus\plexus\plexus-classworlds\2.2.3\plexus-classworlds-2.2.3.jar;C:\Users\dswap\.m2\repository\org\codehaus\plexus\plexus-component-annotations\1.5.5\plexus-component-annotations-1.5.5.jar;C:\Users\dswap\.m2\repository\org\sonatype\plexus\plexus-sec-dispatcher\1.3\plexus-sec-dispatcher-1.3.jar;C:\Users\dswap\.m2\repository\org\sonatype\plexus\plexus-cipher\1.4\plexus-cipher-1.4.jar;C:\Users\dswap\.m2\repository\org\apache\maven\shared\maven-shared-utils\3.2.1\maven-shared-utils-3.2.1.jar;C:\Users\dswap\.m2\repository\commons-io\commons-io\2.5\commons-io-2.5.jar;C:\Users\dswap\.m2\repository\org\apache\maven\shared\maven-shared-incremental\1.1\maven-shared-incremental-1.1.jar;C:\Users\dswap\.m2\repository\org\codehaus\plexus\plexus-java\0.9.10\plexus-java-0.9.10.jar;C:\Users\dswap\.m2\repository\org\ow2\asm\asm\6.2\asm-6.2.jar;C:\Users\dswap\.m2\repository\com\thoughtworks\qdox\qdox\2.0-M8\qdox-2.0-M8.jar;C:\Users\dswap\.m2\repository\org\codehaus\plexus\plexus-compiler-api\2.8.4\plexus-compiler-api-2.8.4.jar;C:\Users\dswap\.m2\repository\org\codehaus\plexus\plexus-compiler-manager\2.8.4\plexus-compiler-manager-2.8.4.jar;C:\Users\dswap\.m2\repository\org\codehaus\plexus\plexus-compiler-javac\2.8.4\plexus-compiler-javac-2.8.4.jar;C:\Users\dswap\.m2\repository\org\junit\jupiter\junit-jupiter-engine\5.4.0\junit-jupiter-engine-5.4.0.jar;C:\Users\dswap\.m2\repository\org\apiguardian\apiguardian-api\1.0.0\apiguardian-api-1.0.0.jar;C:\Users\dswap\.m2\repository\org\junit\platform\junit-platform-engine\1.4.0\junit-platform-engine-1.4.0.jar;C:\Users\dswap\.m2\repository\org\opentest4j\opentest4j\1.1.1\opentest4j-1.1.1.jar;C:\Users\dswap\.m2\repository\org\junit\platform\junit-platform-commons\1.4.0\junit-platform-commons-1.4.0.jar;C:\Users\dswap\.m2\repository\org\junit\jupiter\junit-jupiter-api\5.4.0\junit-jupiter-api-5.4.0.jar;C:\Users\dswap\.m2\repository\org\hamcrest\java-hamcrest\2.0.0.0\java-hamcrest-2.0.0.0.jar;"/>
    <property name="java.vm.vendor" value="Azul Systems, Inc."/>
    <property name="sun.arch.data.model" value="64"/>
    <property name="user.variant" value=""/>
    <property name="java.vendor.url" value="http://www.azulsystems.com/"/>
    <property name="user.timezone" value="Europe/London"/>
    <property name="java.vm.specification.version" value="11"/>
    <property name="os.name" value="Windows 10"/>
    <property name="sun.java.launcher" value="SUN_STANDARD"/>
    <property name="user.country" value="GB"/>
    <property name="sun.boot.library.path" value="C:\Program Files\zulu11.48.21-ca-jdk11.0.11-win_x64\bin"/>
    <property name="sun.java.command" value="C:\Users\dswap\AppData\Local\Temp\surefire8912307173099081406\surefirebooter17847675292038954874.jar C:\Users\dswap\AppData\Local\Temp\surefire8912307173099081406 2021-07-01T10-35-49_433-jvmRun1 surefire15675403503328383501tmp surefire_02138272374516998435tmp"/>
    <property name="jdk.debug" value="release"/>
    <property name="test" value="Part2Test"/>
    <property name="surefire.test.class.path" value="C:\Users\dswap\Desktop\WorkSample\google-code-sample\java\target\test-classes;C:\Users\dswap\Desktop\WorkSample\google-code-sample\java\target\classes;C:\Users\dswap\.m2\repository\org\apache\maven\plugins\maven-compiler-plugin\3.8.1\maven-compiler-plugin-3.8.1.jar;C:\Users\dswap\.m2\repository\org\apache\maven\maven-plugin-api\3.0\maven-plugin-api-3.0.jar;C:\Users\dswap\.m2\repository\org\apache\maven\maven-model\3.0\maven-model-3.0.jar;C:\Users\dswap\.m2\repository\org\sonatype\sisu\sisu-inject-plexus\1.4.2\sisu-inject-plexus-1.4.2.jar;C:\Users\dswap\.m2\repository\org\sonatype\sisu\sisu-inject-bean\1.4.2\sisu-inject-bean-1.4.2.jar;C:\Users\dswap\.m2\repository\org\sonatype\sisu\sisu-guice\2.1.7\sisu-guice-2.1.7-noaop.jar;C:\Users\dswap\.m2\repository\org\apache\maven\maven-artifact\3.0\maven-artifact-3.0.jar;C:\Users\dswap\.m2\repository\org\codehaus\plexus\plexus-utils\2.0.4\plexus-utils-2.0.4.jar;C:\Users\dswap\.m2\repository\org\apache\maven\maven-core\3.0\maven-core-3.0.jar;C:\Users\dswap\.m2\repository\org\apache\maven\maven-settings\3.0\maven-settings-3.0.jar;C:\Users\dswap\.m2\repository\org\apache\maven\maven-settings-builder\3.0\maven-settings-builder-3.0.jar;C:\Users\dswap\.m2\repository\org\apache\maven\maven-repository-metadata\3.0\maven-repository-metadata-3.0.jar;C:\Users\dswap\.m2\repository\org\apache\maven\maven-model-builder\3.0\maven-model-builder-3.0.jar;C:\Users\dswap\.m2\repository\org\apache\maven\maven-aether-provider\3.0\maven-aether-provider-3.0.jar;C:\Users\dswap\.m2\repository\org\sonatype\aether\aether-impl\1.7\aether-impl-1.7.jar;C:\Users\dswap\.m2\repository\org\sonatype\aether\aether-spi\1.7\aether-spi-1.7.jar;C:\Users\dswap\.m2\repository\org\sonatype\aether\aether-api\1.7\aether-api-1.7.jar;C:\Users\dswap\.m2\repository\org\sonatype\aether\aether-util\1.7\aether-util-1.7.jar;C:\Users\dswap\.m2\repository\org\codehaus\plexus\plexus-interpolation\1.14\plexus-interpolation-1.14.jar;C:\Users\dswap\.m2\repository\org\codehaus\plexus\plexus-classworlds\2.2.3\plexus-classworlds-2.2.3.jar;C:\Users\dswap\.m2\repository\org\codehaus\plexus\plexus-component-annotations\1.5.5\plexus-component-annotations-1.5.5.jar;C:\Users\dswap\.m2\repository\org\sonatype\plexus\plexus-sec-dispatcher\1.3\plexus-sec-dispatcher-1.3.jar;C:\Users\dswap\.m2\repository\org\sonatype\plexus\plexus-cipher\1.4\plexus-cipher-1.4.jar;C:\Users\dswap\.m2\repository\org\apache\maven\shared\maven-shared-utils\3.2.1\maven-shared-utils-3.2.1.jar;C:\Users\dswap\.m2\repository\commons-io\commons-io\2.5\commons-io-2.5.jar;C:\Users\dswap\.m2\repository\org\apache\maven\shared\maven-shared-incremental\1.1\maven-shared-incremental-1.1.jar;C:\Users\dswap\.m2\repository\org\codehaus\plexus\plexus-java\0.9.10\plexus-java-0.9.10.jar;C:\Users\dswap\.m2\repository\org\ow2\asm\asm\6.2\asm-6.2.jar;C:\Users\dswap\.m2\repository\com\thoughtworks\qdox\qdox\2.0-M8\qdox-2.0-M8.jar;C:\Users\dswap\.m2\repository\org\codehaus\plexus\plexus-compiler-api\2.8.4\plexus-compiler-api-2.8.4.jar;C:\Users\dswap\.m2\repository\org\codehaus\plexus\plexus-compiler-manager\2.8.4\plexus-compiler-manager-2.8.4.jar;C:\Users\dswap\.m2\repository\org\codehaus\plexus\plexus-compiler-javac\2.8.4\plexus-compiler-javac-2.8.4.jar;C:\Users\dswap\.m2\repository\org\junit\jupiter\junit-jupiter-engine\5.4.0\junit-jupiter-engine-5.4.0.jar;C:\Users\dswap\.m2\repository\org\apiguardian\apiguardian-api\1.0.0\apiguardian-api-1.0.0.jar;C:\Users\dswap\.m2\repository\org\junit\platform\junit-platform-engine\1.4.0\junit-platform-engine-1.4.0.jar;C:\Users\dswap\.m2\repository\org\opentest4j\opentest4j\1.1.1\opentest4j-1.1.1.jar;C:\Users\dswap\.m2\repository\org\junit\platform\junit-platform-commons\1.4.0\junit-platform-commons-1.4.0.jar;C:\Users\dswap\.m2\repository\org\junit\jupiter\junit-jupiter-api\5.4.0\junit-jupiter-api-5.4.0.jar;C:\Users\dswap\.m2\repository\org\hamcrest\java-hamcrest\2.0.0.0\java-hamcrest-2.0.0.0.jar;"/>
    <property name="sun.cpu.endian" value="little"/>
    <property name="user.home" value="C:\Users\dswap"/>
    <property name="user.language" value="en"/>
    <property name="java.specification.vendor" value="Oracle Corporation"/>
    <property name="java.version.date" value="2021-04-20"/>
    <property name="java.home" value="C:\Program Files\zulu11.48.21-ca-jdk11.0.11-win_x64"/>
    <property name="file.separator" value="\"/>
    <property name="basedir" value="C:\Users\dswap\Desktop\WorkSample\google-code-sample\java"/>
    <property name="java.vm.compressedOopsMode" value="32-bit"/>
    <property name="line.separator" value="&#10;"/>
    <property name="java.specification.name" value="Java Platform API Specification"/>
    <property name="java.vm.specification.vendor" value="Oracle Corporation"/>
    <property name="jdk.vendor.version" value="Zulu11.48+21-CA"/>
    <property name="java.awt.graphicsenv" value="sun.awt.Win32GraphicsEnvironment"/>
    <property name="surefire.real.class.path" value="C:\Users\dswap\AppData\Local\Temp\surefire8912307173099081406\surefirebooter17847675292038954874.jar"/>
    <property name="user.script" value=""/>
    <property name="sun.management.compiler" value="HotSpot 64-Bit Tiered Compilers"/>
    <property name="java.runtime.version" value="11.0.11+9-LTS"/>
    <property name="user.name" value="dswap"/>
    <property name="path.separator" value=";"/>
    <property name="os.version" value="10.0"/>
    <property name="java.runtime.name" value="OpenJDK Runtime Environment"/>
    <property name="file.encoding" value="Cp1252"/>
    <property name="java.vm.name" value="OpenJDK 64-Bit Server VM"/>
    <property name="java.vendor.version" value="Zulu11.48+21-CA"/>
    <property name="localRepository" value="C:\Users\dswap\.m2\repository"/>
    <property name="java.vendor.url.bug" value="http://www.azulsystems.com/support/"/>
    <property name="java.io.tmpdir" value="C:\Users\dswap\AppData\Local\Temp\"/>
    <property name="java.version" value="11.0.11"/>
    <property name="user.dir" value="C:\Users\dswap\Desktop\WorkSample\google-code-sample\java"/>
    <property name="os.arch" value="amd64"/>
    <property name="java.vm.specification.name" value="Java Virtual Machine Specification"/>
    <property name="java.awt.printerjob" value="sun.awt.windows.WPrinterJob"/>
    <property name="sun.os.patch.level" value=""/>
    <property name="java.library.path" value="C:\Program Files\zulu11.48.21-ca-jdk11.0.11-win_x64\bin;C:\Windows\Sun\Java\bin;C:\Windows\system32;C:\Windows;C:\Windows\system32;C:\Windows;C:\Windows\System32\Wbem;C:\Windows\System32\WindowsPowerShell\v1.0\;C:\Windows\System32\OpenSSH\;C:\Program Files\Git\cmd;C:\Program Files\zulu11.48.21-ca-jdk11.0.11-win_x64\bin;C:\Program Files\apache-maven-3.8.1\bin;C:\Users\dswap\AppData\Local\Microsoft\WindowsApps;;."/>
    <property name="java.vm.info" value="mixed mode"/>
    <property name="java.vendor" value="Azul Systems, Inc."/>
    <property name="java.vm.version" value="11.0.11+9-LTS"/>
    <property name="sun.io.unicode.encoding" value="UnicodeLittle"/>
    <property name="java.class.version" value="55.0"/>
  </properties>
  <testcase name="showPlaylistAfterRemoveAVideoFromPlaylistThenReAdd" classname="com.google.Part2Test" time="0.03">
    <failure type="org.opentest4j.AssertionFailedError"><![CDATA[org.opentest4j.AssertionFailedError: 
Successfully created new playlist: mY_plaYList
addVideoToPlaylist needs implementation
addVideoToPlaylist needs implementation
removeFromPlaylist needs implementation
addVideoToPlaylist needs implementation
showPlaylist needs implementation
 ==> expected: <8> but was: <6>
	at com.google.Part2Test.showPlaylistAfterRemoveAVideoFromPlaylistThenReAdd(Part2Test.java:131)
]]></failure>
  </testcase>
  <testcase name="testDeletePlaylist" classname="com.google.Part2Test" time="0.008">
    <failure type="java.lang.AssertionError"><![CDATA[java.lang.AssertionError: 

Expected: a string containing "Deleted playlist: my_PLAYlist"
     but: was "deletePlaylist needs implementation"
	at com.google.Part2Test.testDeletePlaylist(Part2Test.java:238)
]]></failure>
  </testcase>
  <testcase name="testClearPlaylist" classname="com.google.Part2Test" time="0.002">
    <failure type="org.opentest4j.AssertionFailedError"><![CDATA[org.opentest4j.AssertionFailedError: 
Successfully created new playlist: my_playlist
addVideoToPlaylist needs implementation
showPlaylist needs implementation
clearPlaylist needs implementation
showPlaylist needs implementation
 ==> expected: <7> but was: <5>
	at com.google.Part2Test.testClearPlaylist(Part2Test.java:208)
]]></failure>
  </testcase>
  <testcase name="testClearPlaylistNonexistent" classname="com.google.Part2Test" time="0.002">
    <failure type="java.lang.AssertionError"><![CDATA[java.lang.AssertionError: 

Expected: a string containing "Cannot clear playlist my_PLAYlist: Playlist does not exist"
     but: was "clearPlaylist needs implementation
"
	at com.google.Part2Test.testClearPlaylistNonexistent(Part2Test.java:225)
]]></failure>
  </testcase>
  <testcase name="testShowAllPlaylistsNoPlaylistsExist" classname="com.google.Part2Test" time="0.003">
    <failure type="java.lang.AssertionError"><![CDATA[java.lang.AssertionError: 

Expected: a string containing "No playlists exist yet"
     but: was "showAllPlaylists needs implementation
"
	at com.google.Part2Test.testShowAllPlaylistsNoPlaylistsExist(Part2Test.java:86)
]]></failure>
  </testcase>
  <testcase name="testAddVideoToPlaylistNonExistentVideo" classname="com.google.Part2Test" time="0.003">
    <failure type="java.lang.AssertionError"><![CDATA[java.lang.AssertionError: 

Expected: a string containing "Cannot add video to my_playlist: Video does not exist"
     but: was "addVideoToPlaylist needs implementation"
	at com.google.Part2Test.testAddVideoToPlaylistNonExistentVideo(Part2Test.java:62)
]]></failure>
  </testcase>
  <testcase name="testRemoveFromPlaylistNonexistentVideo" classname="com.google.Part2Test" time="0.002">
    <failure type="java.lang.AssertionError"><![CDATA[java.lang.AssertionError: 

Expected: a string containing "Added video to my_PLAYlist: Amazing Cats"
     but: was "addVideoToPlaylist needs implementation"
	at com.google.Part2Test.testRemoveFromPlaylistNonexistentVideo(Part2Test.java:186)
]]></failure>
  </testcase>
  <testcase name="testAddToPlaylist" classname="com.google.Part2Test" time="0.002">
    <failure type="java.lang.AssertionError"><![CDATA[java.lang.AssertionError: 

Expected: a string containing "Added video to my_PLAYlist: Amazing Cats"
     but: was "Successfully created new playlist: my_playlist
addVideoToPlaylist needs implementation
"
	at com.google.Part2Test.testAddToPlaylist(Part2Test.java:36)
]]></failure>
  </testcase>
  <testcase name="testAddVideoToPlaylistNonExistent" classname="com.google.Part2Test" time="0.003">
    <failure type="java.lang.AssertionError"><![CDATA[java.lang.AssertionError: 

Expected: a string containing "Cannot add video to another_playlist: Playlist does not exist"
     but: was "addVideoToPlaylist needs implementation
"
	at com.google.Part2Test.testAddVideoToPlaylistNonExistent(Part2Test.java:70)
]]></failure>
  </testcase>
  <testcase name="testRemoveFromPlaylist" classname="com.google.Part2Test" time="0.003">
    <failure type="java.lang.AssertionError"><![CDATA[java.lang.AssertionError: 

Expected: a string containing "Added video to my_playlist: Amazing Cats"
     but: was "addVideoToPlaylist needs implementation"
	at com.google.Part2Test.testRemoveFromPlaylist(Part2Test.java:158)
]]></failure>
  </testcase>
  <testcase name="testAddToPlaylistAlreadyAdded" classname="com.google.Part2Test" time="0.002">
    <failure type="java.lang.AssertionError"><![CDATA[java.lang.AssertionError: 

Expected: a string containing "Added video to my_playlist: Amazing Cats"
     but: was "addVideoToPlaylist needs implementation"
	at com.google.Part2Test.testAddToPlaylistAlreadyAdded(Part2Test.java:48)
]]></failure>
  </testcase>
  <testcase name="testCreateExistingPlaylist" classname="com.google.Part2Test" time="0.002"/>
  <testcase name="testShowPlaylistNonExistent" classname="com.google.Part2Test" time="0.001">
    <failure type="java.lang.AssertionError"><![CDATA[java.lang.AssertionError: 

Expected: a string containing "Cannot show playlist my_playlist: Playlist does not exist"
     but: was "showPlaylist needs implementation
"
	at com.google.Part2Test.testShowPlaylistNonExistent(Part2Test.java:143)
]]></failure>
  </testcase>
  <testcase name="testRemoveFromPlaylistVideoNotInPlaylist" classname="com.google.Part2Test" time="0.001">
    <failure type="java.lang.AssertionError"><![CDATA[java.lang.AssertionError: 

Expected: a string containing "Cannot remove video from my_playlist: Video is not in playlist"
     but: was "removeFromPlaylist needs implementation"
	at com.google.Part2Test.testRemoveFromPlaylistVideoNotInPlaylist(Part2Test.java:172)
]]></failure>
  </testcase>
  <testcase name="testShowAllPlaylists" classname="com.google.Part2Test" time="0.001">
    <failure type="org.opentest4j.AssertionFailedError"><![CDATA[org.opentest4j.AssertionFailedError: 
Successfully created new playlist: my_playlist
Successfully created new playlist: another_playlist
showAllPlaylists needs implementation
 ==> expected: <5> but was: <3>
	at com.google.Part2Test.testShowAllPlaylists(Part2Test.java:96)
]]></failure>
  </testcase>
  <testcase name="testAddVideoToPlaylistNoVideoNoPlaylist" classname="com.google.Part2Test" time="0.003">
    <failure type="java.lang.AssertionError"><![CDATA[java.lang.AssertionError: 

Expected: a string containing "Cannot add video to another_playlist: Playlist does not exist"
     but: was "addVideoToPlaylist needs implementation
"
	at com.google.Part2Test.testAddVideoToPlaylistNoVideoNoPlaylist(Part2Test.java:78)
]]></failure>
  </testcase>
  <testcase name="testCreatePlaylist" classname="com.google.Part2Test" time="0.002"/>
  <testcase name="testDeletePlaylistNonexistent" classname="com.google.Part2Test" time="0.002">
    <failure type="java.lang.AssertionError"><![CDATA[java.lang.AssertionError: 

Expected: a string containing "Cannot delete playlist my_playlist: Playlist does not exist"
     but: was "deletePlaylist needs implementation
"
	at com.google.Part2Test.testDeletePlaylistNonexistent(Part2Test.java:245)
]]></failure>
  </testcase>
  <testcase name="testRemoveFromPlaylistNonexistentPlaylist" classname="com.google.Part2Test" time="0.002">
    <failure type="java.lang.AssertionError"><![CDATA[java.lang.AssertionError: 

Expected: a string containing "Cannot remove video from my_cool_playlist: Playlist does not exist"
     but: was "removeFromPlaylist needs implementation
"
	at com.google.Part2Test.testRemoveFromPlaylistNonexistentPlaylist(Part2Test.java:195)
]]></failure>
  </testcase>
  <testcase name="testShowPlaylist" classname="com.google.Part2Test" time="0.002">
    <failure type="org.opentest4j.AssertionFailedError"><![CDATA[org.opentest4j.AssertionFailedError: 
Successfully created new playlist: my_playlist
showPlaylist needs implementation
addVideoToPlaylist needs implementation
showPlaylist needs implementation
 ==> expected: <6> but was: <4>
	at com.google.Part2Test.testShowPlaylist(Part2Test.java:110)
]]></failure>
  </testcase>
</testsuite>